/usr/bin/bashtop: line 1207: local: `36': invalid variable name for name reference
/usr/bin/bashtop: line 1207: local: `33': invalid variable name for name reference
/usr/bin/bashtop: line 1207: local: `2': invalid variable name for name reference
/usr/bin/bashtop: line 1207: local: `36': invalid variable name for name reference
03:33:05 PM ERROR: On line 1215 
/usr/bin/bashtop: line 1207: local: `33': invalid variable name for name reference
03:33:08 PM ERROR: On line 1207 (MUTED!)
/usr/bin/bashtop: line 1207: local: `2': invalid variable name for name reference
03:33:08 PM ERROR: On line 1207 (MUTED!)
/usr/bin/bashtop: line 1207: local: `36': invalid variable name for name reference
/usr/bin/bashtop: line 1207: local: `33': invalid variable name for name reference
/usr/bin/bashtop: line 1207: local: `2': invalid variable name for name reference
/usr/bin/bashtop: line 1207: local: `36': invalid variable name for name reference
03:33:08 PM ERROR: On line 1215 
/usr/bin/bashtop: line 1207: local: `33': invalid variable name for name reference
03:33:10 PM ERROR: On line 1207 (MUTED!)
/usr/bin/bashtop: line 1207: local: `2': invalid variable name for name reference
03:33:10 PM ERROR: On line 1207 (MUTED!)
/usr/bin/bashtop: line 1207: local: `36': invalid variable name for name reference
/usr/bin/bashtop: line 1207: local: `33': invalid variable name for name reference
/usr/bin/bashtop: line 1207: local: `2': invalid variable name for name reference
/usr/bin/bashtop: line 1207: local: `36': invalid variable name for name reference
03:33:10 PM ERROR: On line 1215 
/usr/bin/bashtop: line 1207: local: `33': invalid variable name for name reference
03:33:13 PM ERROR: On line 1207 (MUTED!)
/usr/bin/bashtop: line 1207: local: `2': invalid variable name for name reference
03:33:13 PM ERROR: On line 1207 (MUTED!)
/usr/bin/bashtop: line 1207: local: `36': invalid variable name for name reference
/usr/bin/bashtop: line 1207: local: `33': invalid variable name for name reference
/usr/bin/bashtop: line 1207: local: `2': invalid variable name for name reference
/usr/bin/bashtop: line 1207: local: `36': invalid variable name for name reference
03:33:13 PM ERROR: On line 1215 
/usr/bin/bashtop: line 1207: local: `33': invalid variable name for name reference
03:33:15 PM ERROR: On line 1207 (MUTED!)
/usr/bin/bashtop: line 1207: local: `2': invalid variable name for name reference
03:33:15 PM ERROR: On line 1207 (MUTED!)
/usr/bin/bashtop: line 1207: local: `36': invalid variable name for name reference
/usr/bin/bashtop: line 1207: local: `33': invalid variable name for name reference
/usr/bin/bashtop: line 1207: local: `2': invalid variable name for name reference
/usr/bin/bashtop: line 1207: local: `36': invalid variable name for name reference
03:33:15 PM ERROR: On line 1215 
/usr/bin/bashtop: line 1207: local: `33': invalid variable name for name reference
03:33:18 PM ERROR: On line 1207 (MUTED!)
/usr/bin/bashtop: line 1207: local: `2': invalid variable name for name reference
03:33:18 PM ERROR: On line 1207 (MUTED!)
/usr/bin/bashtop: line 1207: local: `36': invalid variable name for name reference
/usr/bin/bashtop: line 1207: local: `33': invalid variable name for name reference
/usr/bin/bashtop: line 1207: local: `2': invalid variable name for name reference
/usr/bin/bashtop: line 1207: local: `36': invalid variable name for name reference
03:33:18 PM ERROR: On line 1215 
/usr/bin/bashtop: line 1207: local: `33': invalid variable name for name reference
03:33:20 PM ERROR: On line 1207 (MUTED!)
/usr/bin/bashtop: line 1207: local: `2': invalid variable name for name reference
03:33:20 PM ERROR: On line 1207 (MUTED!)
/usr/bin/bashtop: line 1207: local: `36': invalid variable name for name reference
/usr/bin/bashtop: line 1207: local: `33': invalid variable name for name reference
/usr/bin/bashtop: line 1207: local: `2': invalid variable name for name reference
/usr/bin/bashtop: line 1207: local: `36': invalid variable name for name reference
03:33:20 PM ERROR: On line 1215 
/usr/bin/bashtop: line 1207: local: `33': invalid variable name for name reference
03:33:24 PM ERROR: On line 1207 (MUTED!)
/usr/bin/bashtop: line 1207: local: `2': invalid variable name for name reference
03:33:24 PM ERROR: On line 1207 (MUTED!)
/usr/bin/bashtop: line 1207: local: `36': invalid variable name for name reference
/usr/bin/bashtop: line 1207: local: `33': invalid variable name for name reference
/usr/bin/bashtop: line 1207: local: `2': invalid variable name for name reference
/usr/bin/bashtop: line 1207: local: `36': invalid variable name for name reference
03:33:24 PM ERROR: On line 1215 
/usr/bin/bashtop: line 1207: local: `33': invalid variable name for name reference
03:33:26 PM ERROR: On line 1207 (MUTED!)
/usr/bin/bashtop: line 1207: local: `2': invalid variable name for name reference
03:33:26 PM ERROR: On line 1207 (MUTED!)
/usr/bin/bashtop: line 1207: local: `36': invalid variable name for name reference
/usr/bin/bashtop: line 1207: local: `33': invalid variable name for name reference
/usr/bin/bashtop: line 1207: local: `2': invalid variable name for name reference
/usr/bin/bashtop: line 1207: local: `36': invalid variable name for name reference
03:33:26 PM ERROR: On line 1215 
/usr/bin/bashtop: line 1207: local: `33': invalid variable name for name reference
03:33:28 PM ERROR: On line 1207 (MUTED!)
/usr/bin/bashtop: line 1207: local: `2': invalid variable name for name reference
03:33:28 PM ERROR: On line 1207 (MUTED!)
/usr/bin/bashtop: line 1207: local: `36': invalid variable name for name reference
/usr/bin/bashtop: line 1207: local: `33': invalid variable name for name reference
/usr/bin/bashtop: line 1207: local: `2': invalid variable name for name reference
/usr/bin/bashtop: line 1207: local: `36': invalid variable name for name reference
03:33:28 PM ERROR: On line 1215 
/usr/bin/bashtop: line 1207: local: `33': invalid variable name for name reference
03:33:30 PM ERROR: On line 1207 (MUTED!)
/usr/bin/bashtop: line 1207: local: `2': invalid variable name for name reference
03:33:30 PM ERROR: On line 1207 (MUTED!)
/usr/bin/bashtop: line 1207: local: `36': invalid variable name for name reference
/usr/bin/bashtop: line 1207: local: `33': invalid variable name for name reference
/usr/bin/bashtop: line 1207: local: `2': invalid variable name for name reference
/usr/bin/bashtop: line 1207: local: `36': invalid variable name for name reference
03:33:30 PM ERROR: On line 1215 
/usr/bin/bashtop: line 1207: local: `33': invalid variable name for name reference
03:33:33 PM ERROR: On line 1207 (MUTED!)
/usr/bin/bashtop: line 1207: local: `2': invalid variable name for name reference
03:33:33 PM ERROR: On line 1207 (MUTED!)
/usr/bin/bashtop: line 1207: local: `36': invalid variable name for name reference
/usr/bin/bashtop: line 1207: local: `33': invalid variable name for name reference
/usr/bin/bashtop: line 1207: local: `2': invalid variable name for name reference
/usr/bin/bashtop: line 1207: local: `36': invalid variable name for name reference
03:33:33 PM ERROR: On line 1215 
/usr/bin/bashtop: line 1207: local: `33': invalid variable name for name reference
03:33:36 PM ERROR: On line 1207 (MUTED!)
/usr/bin/bashtop: line 1207: local: `2': invalid variable name for name reference
03:33:36 PM ERROR: On line 1207 (MUTED!)
/usr/bin/bashtop: line 1207: local: `36': invalid variable name for name reference
/usr/bin/bashtop: line 1207: local: `33': invalid variable name for name reference
/usr/bin/bashtop: line 1207: local: `2': invalid variable name for name reference
/usr/bin/bashtop: line 1207: local: `36': invalid variable name for name reference
03:33:36 PM ERROR: On line 1215 
/usr/bin/bashtop: line 1207: local: `33': invalid variable name for name reference
03:33:39 PM ERROR: On line 1207 (MUTED!)
/usr/bin/bashtop: line 1207: local: `2': invalid variable name for name reference
03:33:39 PM ERROR: On line 1207 (MUTED!)
/usr/bin/bashtop: line 1207: local: `36': invalid variable name for name reference
/usr/bin/bashtop: line 1207: local: `33': invalid variable name for name reference
/usr/bin/bashtop: line 1207: local: `2': invalid variable name for name reference
/usr/bin/bashtop: line 1207: local: `36': invalid variable name for name reference
03:33:39 PM ERROR: On line 1215 
/usr/bin/bashtop: line 1207: local: `33': invalid variable name for name reference
03:33:41 PM ERROR: On line 1207 (MUTED!)
/usr/bin/bashtop: line 1207: local: `2': invalid variable name for name reference
03:33:41 PM ERROR: On line 1207 (MUTED!)
/usr/bin/bashtop: line 1207: local: `36': invalid variable name for name reference
/usr/bin/bashtop: line 1207: local: `33': invalid variable name for name reference
/usr/bin/bashtop: line 1207: local: `2': invalid variable name for name reference
/usr/bin/bashtop: line 1207: local: `36': invalid variable name for name reference
03:33:41 PM ERROR: On line 1215 
/usr/bin/bashtop: line 1207: local: `33': invalid variable name for name reference
03:33:44 PM ERROR: On line 1207 (MUTED!)
/usr/bin/bashtop: line 1207: local: `2': invalid variable name for name reference
03:33:44 PM ERROR: On line 1207 (MUTED!)
/usr/bin/bashtop: line 1207: local: `36': invalid variable name for name reference
/usr/bin/bashtop: line 1207: local: `33': invalid variable name for name reference
/usr/bin/bashtop: line 1207: local: `2': invalid variable name for name reference
/usr/bin/bashtop: line 1207: local: `36': invalid variable name for name reference
03:33:44 PM ERROR: On line 1215 
/usr/bin/bashtop: line 1207: local: `33': invalid variable name for name reference
03:33:47 PM ERROR: On line 1207 (MUTED!)
/usr/bin/bashtop: line 1207: local: `2': invalid variable name for name reference
03:33:47 PM ERROR: On line 1207 (MUTED!)
/usr/bin/bashtop: line 1207: local: `36': invalid variable name for name reference
/usr/bin/bashtop: line 1207: local: `33': invalid variable name for name reference
/usr/bin/bashtop: line 1207: local: `2': invalid variable name for name reference
/usr/bin/bashtop: line 1207: local: `36': invalid variable name for name reference
03:33:47 PM ERROR: On line 1215 
/usr/bin/bashtop: line 1207: local: `33': invalid variable name for name reference
03:33:49 PM ERROR: On line 1207 (MUTED!)
/usr/bin/bashtop: line 1207: local: `2': invalid variable name for name reference
03:33:49 PM ERROR: On line 1207 (MUTED!)
/usr/bin/bashtop: line 1207: local: `36': invalid variable name for name reference
/usr/bin/bashtop: line 1207: local: `33': invalid variable name for name reference
/usr/bin/bashtop: line 1207: local: `2': invalid variable name for name reference
/usr/bin/bashtop: line 1207: local: `36': invalid variable name for name reference
03:33:49 PM ERROR: On line 1215 
/usr/bin/bashtop: line 1207: local: `33': invalid variable name for name reference
03:33:51 PM ERROR: On line 1207 (MUTED!)
/usr/bin/bashtop: line 1207: local: `2': invalid variable name for name reference
03:33:51 PM ERROR: On line 1207 (MUTED!)
/usr/bin/bashtop: line 1207: local: `36': invalid variable name for name reference
/usr/bin/bashtop: line 1207: local: `33': invalid variable name for name reference
/usr/bin/bashtop: line 1207: local: `2': invalid variable name for name reference
/usr/bin/bashtop: line 1207: local: `36': invalid variable name for name reference
03:33:51 PM ERROR: On line 1215 
/usr/bin/bashtop: line 1207: local: `33': invalid variable name for name reference
03:33:54 PM ERROR: On line 1207 (MUTED!)
/usr/bin/bashtop: line 1207: local: `2': invalid variable name for name reference
03:33:54 PM ERROR: On line 1207 (MUTED!)
/usr/bin/bashtop: line 1207: local: `36': invalid variable name for name reference
/usr/bin/bashtop: line 1207: local: `33': invalid variable name for name reference
/usr/bin/bashtop: line 1207: local: `2': invalid variable name for name reference
/usr/bin/bashtop: line 1207: local: `36': invalid variable name for name reference
03:33:54 PM ERROR: On line 1215 
/usr/bin/bashtop: line 1207: local: `33': invalid variable name for name reference
03:33:58 PM ERROR: On line 1207 (MUTED!)
/usr/bin/bashtop: line 1207: local: `2': invalid variable name for name reference
03:33:58 PM ERROR: On line 1207 (MUTED!)
/usr/bin/bashtop: line 1207: local: `36': invalid variable name for name reference
03:33:58 PM ERROR: On line 1207 (MUTED!)
/usr/bin/bashtop: line 1207: local: `33': invalid variable name for name reference
/usr/bin/bashtop: line 1207: local: `2': invalid variable name for name reference
/usr/bin/bashtop: line 1207: local: `36': invalid variable name for name reference
03:33:58 PM ERROR: On line 1215 
/usr/bin/bashtop: line 1207: local: `33': invalid variable name for name reference
03:34:00 PM ERROR: On line 1207 (MUTED!)
/usr/bin/bashtop: line 1207: local: `2': invalid variable name for name reference
03:34:00 PM ERROR: On line 1207 (MUTED!)
/usr/bin/bashtop: line 1207: local: `36': invalid variable name for name reference
/usr/bin/bashtop: line 1207: local: `33': invalid variable name for name reference
/usr/bin/bashtop: line 1207: local: `2': invalid variable name for name reference
/usr/bin/bashtop: line 1207: local: `36': invalid variable name for name reference
03:34:00 PM ERROR: On line 1215 
/usr/bin/bashtop: line 1207: local: `33': invalid variable name for name reference
03:34:03 PM ERROR: On line 1207 (MUTED!)
/usr/bin/bashtop: line 1207: local: `2': invalid variable name for name reference
03:34:03 PM ERROR: On line 1207 (MUTED!)
/usr/bin/bashtop: line 1207: local: `36': invalid variable name for name reference
/usr/bin/bashtop: line 1207: local: `33': invalid variable name for name reference
/usr/bin/bashtop: line 1207: local: `2': invalid variable name for name reference
/usr/bin/bashtop: line 1207: local: `36': invalid variable name for name reference
03:34:03 PM ERROR: On line 1215 
/usr/bin/bashtop: line 1207: local: `33': invalid variable name for name reference
03:34:04 PM ERROR: On line 1207 (MUTED!)
/usr/bin/bashtop: line 1207: local: `2': invalid variable name for name reference
03:34:04 PM ERROR: On line 1207 (MUTED!)
/usr/bin/bashtop: line 1207: local: `36': invalid variable name for name reference
/usr/bin/bashtop: line 1207: local: `33': invalid variable name for name reference
/usr/bin/bashtop: line 1207: local: `2': invalid variable name for name reference
/usr/bin/bashtop: line 1207: local: `36': invalid variable name for name reference
03:34:04 PM ERROR: On line 1215 
/usr/bin/bashtop: line 1207: local: `33': invalid variable name for name reference
03:34:07 PM ERROR: On line 1207 (MUTED!)
/usr/bin/bashtop: line 1207: local: `2': invalid variable name for name reference
03:34:07 PM ERROR: On line 1207 (MUTED!)
/usr/bin/bashtop: line 1207: local: `36': invalid variable name for name reference
/usr/bin/bashtop: line 1207: local: `33': invalid variable name for name reference
/usr/bin/bashtop: line 1207: local: `2': invalid variable name for name reference
/usr/bin/bashtop: line 1207: local: `36': invalid variable name for name reference
03:34:07 PM ERROR: On line 1215 
/usr/bin/bashtop: line 1207: local: `33': invalid variable name for name reference
03:34:10 PM ERROR: On line 1207 (MUTED!)
/usr/bin/bashtop: line 1207: local: `2': invalid variable name for name reference
03:34:10 PM ERROR: On line 1207 (MUTED!)
/usr/bin/bashtop: line 1207: local: `36': invalid variable name for name reference
/usr/bin/bashtop: line 1207: local: `33': invalid variable name for name reference
/usr/bin/bashtop: line 1207: local: `2': invalid variable name for name reference
/usr/bin/bashtop: line 1207: local: `36': invalid variable name for name reference
03:34:10 PM ERROR: On line 1215 
/usr/bin/bashtop: line 1207: local: `33': invalid variable name for name reference
03:34:12 PM ERROR: On line 1207 (MUTED!)
/usr/bin/bashtop: line 1207: local: `2': invalid variable name for name reference
03:34:12 PM ERROR: On line 1207 (MUTED!)
/usr/bin/bashtop: line 1207: local: `36': invalid variable name for name reference
/usr/bin/bashtop: line 1207: local: `33': invalid variable name for name reference
/usr/bin/bashtop: line 1207: local: `2': invalid variable name for name reference
/usr/bin/bashtop: line 1207: local: `36': invalid variable name for name reference
03:34:12 PM ERROR: On line 1215 
/usr/bin/bashtop: line 1207: local: `33': invalid variable name for name reference
03:34:15 PM ERROR: On line 1207 (MUTED!)
/usr/bin/bashtop: line 1207: local: `2': invalid variable name for name reference
03:34:15 PM ERROR: On line 1207 (MUTED!)
/usr/bin/bashtop: line 1207: local: `36': invalid variable name for name reference
/usr/bin/bashtop: line 1207: local: `33': invalid variable name for name reference
/usr/bin/bashtop: line 1207: local: `2': invalid variable name for name reference
/usr/bin/bashtop: line 1207: local: `36': invalid variable name for name reference
03:34:15 PM ERROR: On line 1215 
/usr/bin/bashtop: line 1207: local: `33': invalid variable name for name reference
03:34:18 PM ERROR: On line 1207 (MUTED!)
/usr/bin/bashtop: line 1207: local: `2': invalid variable name for name reference
03:34:18 PM ERROR: On line 1207 (MUTED!)
/usr/bin/bashtop: line 1207: local: `36': invalid variable name for name reference
/usr/bin/bashtop: line 1207: local: `33': invalid variable name for name reference
/usr/bin/bashtop: line 1207: local: `2': invalid variable name for name reference
/usr/bin/bashtop: line 1207: local: `36': invalid variable name for name reference
03:34:18 PM ERROR: On line 1215 
/usr/bin/bashtop: line 1207: local: `33': invalid variable name for name reference
03:34:21 PM ERROR: On line 1207 (MUTED!)
/usr/bin/bashtop: line 1207: local: `2': invalid variable name for name reference
03:34:21 PM ERROR: On line 1207 (MUTED!)
/usr/bin/bashtop: line 1207: local: `36': invalid variable name for name reference
/usr/bin/bashtop: line 1207: local: `33': invalid variable name for name reference
/usr/bin/bashtop: line 1207: local: `2': invalid variable name for name reference
/usr/bin/bashtop: line 1207: local: `36': invalid variable name for name reference
03:34:21 PM ERROR: On line 1215 
/usr/bin/bashtop: line 1207: local: `33': invalid variable name for name reference
03:34:23 PM ERROR: On line 1207 (MUTED!)
/usr/bin/bashtop: line 1207: local: `2': invalid variable name for name reference
03:34:23 PM ERROR: On line 1207 (MUTED!)
/usr/bin/bashtop: line 1207: local: `36': invalid variable name for name reference
/usr/bin/bashtop: line 1207: local: `33': invalid variable name for name reference
/usr/bin/bashtop: line 1207: local: `2': invalid variable name for name reference
/usr/bin/bashtop: line 1207: local: `36': invalid variable name for name reference
03:34:23 PM ERROR: On line 1215 
/usr/bin/bashtop: line 1207: local: `33': invalid variable name for name reference
03:34:26 PM ERROR: On line 1207 (MUTED!)
/usr/bin/bashtop: line 1207: local: `2': invalid variable name for name reference
03:34:26 PM ERROR: On line 1207 (MUTED!)
/usr/bin/bashtop: line 1207: local: `36': invalid variable name for name reference
/usr/bin/bashtop: line 1207: local: `33': invalid variable name for name reference
/usr/bin/bashtop: line 1207: local: `2': invalid variable name for name reference
/usr/bin/bashtop: line 1207: local: `36': invalid variable name for name reference
03:34:26 PM ERROR: On line 1215 
/usr/bin/bashtop: line 1207: local: `33': invalid variable name for name reference
03:34:30 PM ERROR: On line 1207 (MUTED!)
/usr/bin/bashtop: line 1207: local: `2': invalid variable name for name reference
03:34:30 PM ERROR: On line 1207 (MUTED!)
/usr/bin/bashtop: line 1207: local: `36': invalid variable name for name reference
/usr/bin/bashtop: line 1207: local: `33': invalid variable name for name reference
/usr/bin/bashtop: line 1207: local: `2': invalid variable name for name reference
/usr/bin/bashtop: line 1207: local: `36': invalid variable name for name reference
03:34:30 PM ERROR: On line 1215 
 
New instance of bashtop version: 0.9.25 Pid: 5511
/usr/bin/bashtop: line 1207: local: `33': invalid variable name for name reference
03:34:32 PM ERROR: On line 1207 (MUTED!)
/usr/bin/bashtop: line 1207: local: `2': invalid variable name for name reference
03:34:32 PM ERROR: On line 1207 (MUTED!)
/usr/bin/bashtop: line 1207: local: `36': invalid variable name for name reference
/usr/bin/bashtop: line 1207: local: `33': invalid variable name for name reference
/usr/bin/bashtop: line 1207: local: `2': invalid variable name for name reference
/usr/bin/bashtop: line 1207: local: `36': invalid variable name for name reference
03:34:32 PM ERROR: On line 1215 
/usr/bin/bashtop: line 1207: local: `33': invalid variable name for name reference
03:34:33 PM ERROR: On line 1207 (MUTED!)
/usr/bin/bashtop: line 1207: local: `2': invalid variable name for name reference
03:34:33 PM ERROR: On line 1207 (MUTED!)
/usr/bin/bashtop: line 1207: local: `36': invalid variable name for name reference
/usr/bin/bashtop: line 1207: local: `33': invalid variable name for name reference
/usr/bin/bashtop: line 1207: local: `2': invalid variable name for name reference
/usr/bin/bashtop: line 1207: local: `36': invalid variable name for name reference
03:34:33 PM ERROR: On line 1215 
/usr/bin/bashtop: line 1207: local: `33': invalid variable name for name reference
03:34:35 PM ERROR: On line 1207 (MUTED!)
/usr/bin/bashtop: line 1207: local: `2': invalid variable name for name reference
03:34:35 PM ERROR: On line 1207 (MUTED!)
/usr/bin/bashtop: line 1207: local: `36': invalid variable name for name reference
/usr/bin/bashtop: line 1207: local: `33': invalid variable name for name reference
/usr/bin/bashtop: line 1207: local: `2': invalid variable name for name reference
/usr/bin/bashtop: line 1207: local: `36': invalid variable name for name reference
03:34:35 PM ERROR: On line 1215 
/usr/bin/bashtop: line 1207: local: `33': invalid variable name for name reference
03:34:38 PM ERROR: On line 1207 (MUTED!)
/usr/bin/bashtop: line 1207: local: `2': invalid variable name for name reference
03:34:38 PM ERROR: On line 1207 (MUTED!)
/usr/bin/bashtop: line 1207: local: `36': invalid variable name for name reference
/usr/bin/bashtop: line 1207: local: `33': invalid variable name for name reference
/usr/bin/bashtop: line 1207: local: `2': invalid variable name for name reference
/usr/bin/bashtop: line 1207: local: `36': invalid variable name for name reference
03:34:38 PM ERROR: On line 1215 
/usr/bin/bashtop: line 1207: local: `33': invalid variable name for name reference
03:34:41 PM ERROR: On line 1207 (MUTED!)
/usr/bin/bashtop: line 1207: local: `2': invalid variable name for name reference
03:34:41 PM ERROR: On line 1207 (MUTED!)
/usr/bin/bashtop: line 1207: local: `36': invalid variable name for name reference
/usr/bin/bashtop: line 1207: local: `33': invalid variable name for name reference
/usr/bin/bashtop: line 1207: local: `2': invalid variable name for name reference
/usr/bin/bashtop: line 1207: local: `36': invalid variable name for name reference
03:34:41 PM ERROR: On line 1215 
/usr/bin/bashtop: line 1207: local: `33': invalid variable name for name reference
03:34:43 PM ERROR: On line 1207 (MUTED!)
/usr/bin/bashtop: line 1207: local: `2': invalid variable name for name reference
03:34:43 PM ERROR: On line 1207 (MUTED!)
/usr/bin/bashtop: line 1207: local: `36': invalid variable name for name reference
/usr/bin/bashtop: line 1207: local: `33': invalid variable name for name reference
/usr/bin/bashtop: line 1207: local: `2': invalid variable name for name reference
/usr/bin/bashtop: line 1207: local: `36': invalid variable name for name reference
03:34:43 PM ERROR: On line 1215 
/usr/bin/bashtop: line 1207: local: `33': invalid variable name for name reference
03:34:46 PM ERROR: On line 1207 (MUTED!)
/usr/bin/bashtop: line 1207: local: `2': invalid variable name for name reference
03:34:46 PM ERROR: On line 1207 (MUTED!)
/usr/bin/bashtop: line 1207: local: `36': invalid variable name for name reference
/usr/bin/bashtop: line 1207: local: `33': invalid variable name for name reference
/usr/bin/bashtop: line 1207: local: `2': invalid variable name for name reference
/usr/bin/bashtop: line 1207: local: `36': invalid variable name for name reference
03:34:46 PM ERROR: On line 1215 
/usr/bin/bashtop: line 1207: local: `33': invalid variable name for name reference
03:34:49 PM ERROR: On line 1207 (MUTED!)
/usr/bin/bashtop: line 1207: local: `2': invalid variable name for name reference
03:34:49 PM ERROR: On line 1207 (MUTED!)
/usr/bin/bashtop: line 1207: local: `36': invalid variable name for name reference
/usr/bin/bashtop: line 1207: local: `33': invalid variable name for name reference
/usr/bin/bashtop: line 1207: local: `2': invalid variable name for name reference
/usr/bin/bashtop: line 1207: local: `36': invalid variable name for name reference
03:34:49 PM ERROR: On line 1215 
/usr/bin/bashtop: line 1207: local: `33': invalid variable name for name reference
03:34:51 PM ERROR: On line 1207 (MUTED!)
/usr/bin/bashtop: line 1207: local: `2': invalid variable name for name reference
03:34:51 PM ERROR: On line 1207 (MUTED!)
/usr/bin/bashtop: line 1207: local: `36': invalid variable name for name reference
/usr/bin/bashtop: line 1207: local: `33': invalid variable name for name reference
/usr/bin/bashtop: line 1207: local: `2': invalid variable name for name reference
/usr/bin/bashtop: line 1207: local: `36': invalid variable name for name reference
03:34:51 PM ERROR: On line 1215 
/usr/bin/bashtop: line 1207: local: `33': invalid variable name for name reference
03:34:54 PM ERROR: On line 1207 (MUTED!)
/usr/bin/bashtop: line 1207: local: `2': invalid variable name for name reference
03:34:54 PM ERROR: On line 1207 (MUTED!)
/usr/bin/bashtop: line 1207: local: `36': invalid variable name for name reference
/usr/bin/bashtop: line 1207: local: `33': invalid variable name for name reference
/usr/bin/bashtop: line 1207: local: `2': invalid variable name for name reference
/usr/bin/bashtop: line 1207: local: `36': invalid variable name for name reference
03:34:54 PM ERROR: On line 1215 
/usr/bin/bashtop: line 1207: local: `33': invalid variable name for name reference
03:34:56 PM ERROR: On line 1207 (MUTED!)
/usr/bin/bashtop: line 1207: local: `2': invalid variable name for name reference
03:34:56 PM ERROR: On line 1207 (MUTED!)
/usr/bin/bashtop: line 1207: local: `36': invalid variable name for name reference
/usr/bin/bashtop: line 1207: local: `33': invalid variable name for name reference
/usr/bin/bashtop: line 1207: local: `2': invalid variable name for name reference
/usr/bin/bashtop: line 1207: local: `36': invalid variable name for name reference
03:34:56 PM ERROR: On line 1215 
/usr/bin/bashtop: line 1207: local: `33': invalid variable name for name reference
03:34:59 PM ERROR: On line 1207 (MUTED!)
/usr/bin/bashtop: line 1207: local: `2': invalid variable name for name reference
03:34:59 PM ERROR: On line 1207 (MUTED!)
/usr/bin/bashtop: line 1207: local: `36': invalid variable name for name reference
/usr/bin/bashtop: line 1207: local: `33': invalid variable name for name reference
/usr/bin/bashtop: line 1207: local: `2': invalid variable name for name reference
/usr/bin/bashtop: line 1207: local: `36': invalid variable name for name reference
03:34:59 PM ERROR: On line 1215 
/usr/bin/bashtop: line 1207: local: `33': invalid variable name for name reference
03:35:02 PM ERROR: On line 1207 (MUTED!)
/usr/bin/bashtop: line 1207: local: `2': invalid variable name for name reference
03:35:02 PM ERROR: On line 1207 (MUTED!)
/usr/bin/bashtop: line 1207: local: `36': invalid variable name for name reference
/usr/bin/bashtop: line 1207: local: `33': invalid variable name for name reference
/usr/bin/bashtop: line 1207: local: `2': invalid variable name for name reference
/usr/bin/bashtop: line 1207: local: `36': invalid variable name for name reference
03:35:02 PM ERROR: On line 1215 
/usr/bin/bashtop: line 1207: local: `33': invalid variable name for name reference
03:35:04 PM ERROR: On line 1207 (MUTED!)
/usr/bin/bashtop: line 1207: local: `2': invalid variable name for name reference
03:35:04 PM ERROR: On line 1207 (MUTED!)
/usr/bin/bashtop: line 1207: local: `36': invalid variable name for name reference
/usr/bin/bashtop: line 1207: local: `33': invalid variable name for name reference
/usr/bin/bashtop: line 1207: local: `2': invalid variable name for name reference
/usr/bin/bashtop: line 1207: local: `36': invalid variable name for name reference
03:35:04 PM ERROR: On line 1215 
/usr/bin/bashtop: line 1207: local: `33': invalid variable name for name reference
03:35:07 PM ERROR: On line 1207 (MUTED!)
/usr/bin/bashtop: line 1207: local: `2': invalid variable name for name reference
03:35:07 PM ERROR: On line 1207 (MUTED!)
/usr/bin/bashtop: line 1207: local: `36': invalid variable name for name reference
/usr/bin/bashtop: line 1207: local: `33': invalid variable name for name reference
/usr/bin/bashtop: line 1207: local: `2': invalid variable name for name reference
/usr/bin/bashtop: line 1207: local: `36': invalid variable name for name reference
03:35:07 PM ERROR: On line 1215 
 
New instance of bashtop version: 0.9.25 Pid: 6965
03:35:09 PM ERROR: On line 1207 (MUTED!)
03:35:09 PM ERROR: On line 1207 (MUTED!)
03:35:09 PM ERROR: On line 1215 
03:35:12 PM ERROR: On line 1207 (MUTED!)
03:35:12 PM ERROR: On line 1207 (MUTED!)
03:35:12 PM ERROR: On line 1215 
03:35:14 PM ERROR: On line 1207 (MUTED!)
03:35:14 PM ERROR: On line 1207 (MUTED!)
03:35:14 PM ERROR: On line 1215 
03:35:17 PM ERROR: On line 1207 (MUTED!)
03:35:17 PM ERROR: On line 1207 (MUTED!)
03:35:17 PM ERROR: On line 1215 
03:35:20 PM ERROR: On line 1207 (MUTED!)
03:35:20 PM ERROR: On line 1207 (MUTED!)
03:35:20 PM ERROR: On line 1215 
03:35:23 PM ERROR: On line 1207 (MUTED!)
03:35:23 PM ERROR: On line 1207 (MUTED!)
03:35:23 PM ERROR: On line 1215 
 
New instance of bashtop version: 0.9.25 Pid: 8235
 
New instance of bashtop version: 0.9.25 Pid: 802
 
New instance of bashtop version: 0.9.25 Pid: 2162
error: process ID out of range

Usage:
 ps [options]

 Try 'ps --help <simple|list|output|threads|misc|all>'
  or 'ps --help <s|l|o|t|m|a>'
 for additional help text.

For more details see ps(1).
09:39:03 AM ERROR: On line 2457 
 
New instance of bashtop version: 0.9.25 Pid: 10437
 
New instance of bashtop version: 0.9.25 Pid: 49857
 
New instance of bashtop version: 0.9.25 Pid: 8042
 
New instance of bashtop version: 0.9.25 Pid: 28925
 
New instance of bashtop version: 0.9.25 Pid: 1089
 
New instance of bashtop version: 0.9.25 Pid: 2121
 
New instance of bashtop version: 0.9.25 Pid: 3066
 
New instance of bashtop version: 0.9.25 Pid: 5515
 
New instance of bashtop version: 0.9.25 Pid: 5575
 
New instance of bashtop version: 0.9.25 Pid: 5783
 
New instance of bashtop version: 0.9.25 Pid: 5798
 
New instance of bashtop version: 0.9.25 Pid: 5819
 
New instance of bashtop version: 0.9.25 Pid: 1240
 
New instance of bashtop version: 0.9.25 Pid: 21767
 
New instance of bashtop version: 0.9.25 Pid: 6497
 
New instance of bashtop version: 0.9.25 Pid: 6768
 
New instance of bashtop version: 0.9.25 Pid: 8950
