2024-09-01 15:24:25 Loading main app package /home/taust/Downloads/squashfs-root/resources/obsidian.asar
2024-09-01 15:24:26 Checking for update using Github
2024-09-01 15:24:28 Success.
2024-09-01 15:24:28 Latest version is 1.6.7
2024-09-01 15:24:28 App is up to date.
2024-09-01 15:28:59 Loading main app package /home/taust/Downloads/squashfs-root/resources/obsidian.asar
2024-09-01 15:29:00 Checking for update using Github
2024-09-01 15:29:13 Loading main app package /home/taust/Downloads/squashfs-root/resources/obsidian.asar
2024-09-01 15:29:13 Checking for update using Github
2024-09-01 15:29:53 Loading main app package /home/taust/Downloads/squashfs-root/resources/obsidian.asar
2024-09-01 15:29:53 Checking for update using Github
2024-09-01 15:30:19 Loading main app package /home/taust/Downloads/squashfs-root/resources/obsidian.asar
2024-09-01 15:30:19 Checking for update using Github
2024-09-01 15:30:51 Loading main app package /home/taust/Downloads/squashfs-root/resources/obsidian.asar
2024-09-01 15:30:52 Checking for update using Github
2024-09-04 20:21:35 Loading main app package /home/taust/Downloads/squashfs-root/resources/obsidian.asar
2024-09-04 20:21:36 Checking for update using Github
2024-09-04 20:21:37 Success.
2024-09-04 20:21:37 Latest version is 1.6.7
2024-09-04 20:21:37 App is up to date.
2024-09-04 20:22:19 Loading main app package /home/taust/Downloads/squashfs-root/resources/obsidian.asar
2024-09-04 20:22:20 Checking for update using Github
2024-09-04 20:22:20 Success.
2024-09-04 20:22:20 Latest version is 1.6.7
2024-09-04 20:22:20 App is up to date.
2024-09-04 20:26:56 Loading main app package /home/taust/Downloads/squashfs-root/resources/obsidian.asar
2024-09-04 20:26:57 Checking for update using Github
2024-09-04 20:26:58 Success.
2024-09-04 20:26:58 Latest version is 1.6.7
2024-09-04 20:26:58 App is up to date.
2024-09-04 20:32:49 Loading main app package /usr/lib/obsidian/obsidian.asar
2024-09-04 20:32:50 Checking for update using Github
2024-09-04 20:32:50 Success.
2024-09-04 20:32:50 Latest version is 1.6.7
2024-09-04 20:32:50 App is up to date.
2024-09-04 20:40:51 Loading main app package /tmp/.mount_ObsidiT1UD0D/resources/obsidian.asar
2024-09-04 20:40:53 Checking for update using Github
2024-09-04 20:40:54 Success.
2024-09-04 20:40:54 Latest version is 1.6.7
2024-09-04 20:40:54 App is up to date.
2024-09-04 20:47:21 Loading main app package /usr/lib/obsidian/obsidian.asar
2024-09-04 20:47:22 Checking for update using Github
2024-09-04 20:47:23 Success.
2024-09-04 20:47:23 Latest version is 1.6.7
2024-09-04 20:47:23 App is up to date.
2024-09-04 21:16:29 Loading main app package /usr/lib/obsidian/obsidian.asar
2024-09-04 21:16:30 Checking for update using Github
2024-09-04 21:16:31 Success.
2024-09-04 21:16:31 Latest version is 1.6.7
2024-09-04 21:16:31 App is up to date.
2024-09-04 21:18:08 Loading main app package /usr/lib/obsidian/obsidian.asar
2024-09-04 21:18:09 Checking for update using Github
2024-09-04 21:18:09 Success.
2024-09-04 21:18:09 Latest version is 1.6.7
2024-09-04 21:18:09 App is up to date.
2024-09-04 21:22:52 Loading main app package /usr/lib/obsidian/obsidian.asar
2024-09-04 21:22:53 Checking for update using Github
2024-09-04 21:22:54 Success.
2024-09-04 21:22:54 Latest version is 1.6.7
2024-09-04 21:22:54 App is up to date.
2024-09-04 21:23:34 Loading main app package /usr/lib/obsidian/obsidian.asar
2024-09-04 21:23:34 Checking for update using Github
2024-09-04 21:23:35 Success.
2024-09-04 21:23:35 Latest version is 1.6.7
2024-09-04 21:23:35 App is up to date.
2024-09-04 21:24:09 Loading main app package /usr/lib/obsidian/obsidian.asar
2024-09-04 21:24:10 Checking for update using Github
2024-09-04 21:24:10 Success.
2024-09-04 21:24:10 Latest version is 1.6.7
2024-09-04 21:24:10 App is up to date.
2024-09-04 21:25:09 Loading main app package /usr/lib/obsidian/obsidian.asar
2024-09-04 21:25:10 Checking for update using Github
2024-09-04 21:25:11 Success.
2024-09-04 21:25:11 Latest version is 1.6.7
2024-09-04 21:25:11 App is up to date.
2024-09-04 21:27:11 Loading main app package /usr/lib/obsidian/obsidian.asar
2024-09-04 21:27:12 Checking for update using Github
2024-09-04 21:27:12 Success.
2024-09-04 21:27:12 Latest version is 1.6.7
2024-09-04 21:27:12 App is up to date.
2024-09-04 21:28:15 Loading main app package /usr/lib/obsidian/obsidian.asar
2024-09-04 21:28:15 Checking for update using Github
2024-09-04 21:28:16 Success.
2024-09-04 21:28:16 Latest version is 1.6.7
2024-09-04 21:28:16 App is up to date.
2024-09-04 21:28:25 Loading main app package /usr/lib/obsidian/obsidian.asar
2024-09-04 21:28:26 Checking for update using Github
2024-09-04 21:28:26 Success.
2024-09-04 21:28:26 Latest version is 1.6.7
2024-09-04 21:28:26 App is up to date.
2024-09-04 21:28:47 Loading main app package /usr/lib/obsidian/obsidian.asar
2024-09-04 21:28:48 Checking for update using Github
2024-09-04 21:28:48 Success.
2024-09-04 21:28:48 Latest version is 1.6.7
2024-09-04 21:28:48 App is up to date.
2024-09-04 21:42:07 Loading main app package /usr/lib/obsidian/obsidian.asar
2024-09-04 21:42:07 Checking for update using Github
2024-09-04 21:42:08 Success.
2024-09-04 21:42:08 Latest version is 1.6.7
2024-09-04 21:42:08 App is up to date.
2024-09-04 21:42:15 Loading main app package /usr/lib/obsidian/obsidian.asar
2024-09-04 21:42:16 Checking for update using Github
2024-09-04 21:42:17 Success.
2024-09-04 21:42:17 Latest version is 1.6.7
2024-09-04 21:42:17 App is up to date.
